{"/workspaces/www/src/src/data/links.ts": {"path":"/workspaces/www/src/src/data/links.ts","statementMap":{"0":{"start":{"line":17,"column":41},"end":{"line":98,"column":null}}},"fnMap":{},"branchMap":{},"s":{"0":1},"f":{},"b":{},"meta":{"lastBranch":0,"lastFunction":0,"lastStatement":1,"seen":{"s:17:41:98:Infinity":0}}}
,"/workspaces/www/src/src/scripts/theme.ts": {"path":"/workspaces/www/src/src/scripts/theme.ts","statementMap":{"0":{"start":{"line":8,"column":24},"end":{"line":8,"column":null}},"1":{"start":{"line":9,"column":20},"end":{"line":9,"column":null}},"2":{"start":{"line":10,"column":29},"end":{"line":10,"column":null}},"3":{"start":{"line":16,"column":1},"end":{"line":16,"column":null}},"4":{"start":{"line":16,"column":42},"end":{"line":16,"column":null}},"5":{"start":{"line":17,"column":15},"end":{"line":17,"column":null}},"6":{"start":{"line":18,"column":1},"end":{"line":20,"column":null}},"7":{"start":{"line":19,"column":2},"end":{"line":19,"column":null}},"8":{"start":{"line":21,"column":1},"end":{"line":21,"column":null}},"9":{"start":{"line":28,"column":1},"end":{"line":28,"column":null}},"10":{"start":{"line":28,"column":42},"end":{"line":28,"column":null}},"11":{"start":{"line":29,"column":1},"end":{"line":29,"column":null}},"12":{"start":{"line":37,"column":15},"end":{"line":37,"column":null}},"13":{"start":{"line":38,"column":1},"end":{"line":38,"column":null}},"14":{"start":{"line":38,"column":12},"end":{"line":38,"column":null}},"15":{"start":{"line":41,"column":1},"end":{"line":44,"column":null}},"16":{"start":{"line":42,"column":22},"end":{"line":42,"column":null}},"17":{"start":{"line":43,"column":2},"end":{"line":43,"column":null}},"18":{"start":{"line":47,"column":1},"end":{"line":47,"column":null}},"19":{"start":{"line":54,"column":1},"end":{"line":54,"column":null}},"20":{"start":{"line":54,"column":38},"end":{"line":54,"column":null}},"21":{"start":{"line":55,"column":1},"end":{"line":55,"column":null}},"22":{"start":{"line":62,"column":1},"end":{"line":62,"column":null}},"23":{"start":{"line":69,"column":22},"end":{"line":69,"column":null}},"24":{"start":{"line":70,"column":7},"end":{"line":70,"column":null}},"25":{"start":{"line":71,"column":1},"end":{"line":71,"column":null}},"26":{"start":{"line":78,"column":22},"end":{"line":78,"column":null}},"27":{"start":{"line":79,"column":19},"end":{"line":79,"column":null}},"28":{"start":{"line":80,"column":1},"end":{"line":80,"column":null}},"29":{"start":{"line":81,"column":1},"end":{"line":81,"column":null}},"30":{"start":{"line":88,"column":15},"end":{"line":88,"column":null}},"31":{"start":{"line":89,"column":1},"end":{"line":89,"column":null}}},"fnMap":{"0":{"name":"getSavedTheme","decl":{"start":{"line":15,"column":16},"end":{"line":15,"column":46}},"loc":{"start":{"line":15,"column":46},"end":{"line":22,"column":null}},"line":15},"1":{"name":"saveTheme","decl":{"start":{"line":27,"column":16},"end":{"line":27,"column":26}},"loc":{"start":{"line":27,"column":46},"end":{"line":30,"column":null}},"line":27},"2":{"name":"getInitialTheme","decl":{"start":{"line":35,"column":16},"end":{"line":35,"column":41}},"loc":{"start":{"line":35,"column":41},"end":{"line":48,"column":null}},"line":35},"3":{"name":"applyTheme","decl":{"start":{"line":53,"column":16},"end":{"line":53,"column":27}},"loc":{"start":{"line":53,"column":47},"end":{"line":56,"column":null}},"line":53},"4":{"name":"getThemeIndex","decl":{"start":{"line":61,"column":9},"end":{"line":61,"column":23}},"loc":{"start":{"line":61,"column":45},"end":{"line":63,"column":null}},"line":61},"5":{"name":"getNextTheme","decl":{"start":{"line":68,"column":16},"end":{"line":68,"column":29}},"loc":{"start":{"line":68,"column":57},"end":{"line":72,"column":null}},"line":68},"6":{"name":"toggleTheme","decl":{"start":{"line":77,"column":16},"end":{"line":77,"column":36}},"loc":{"start":{"line":77,"column":36},"end":{"line":82,"column":null}},"line":77},"7":{"name":"initTheme","decl":{"start":{"line":87,"column":16},"end":{"line":87,"column":34}},"loc":{"start":{"line":87,"column":34},"end":{"line":90,"column":null}},"line":87}},"branchMap":{"0":{"loc":{"start":{"line":16,"column":1},"end":{"line":16,"column":null}},"type":"if","locations":[{"start":{"line":16,"column":1},"end":{"line":16,"column":null}},{"start":{},"end":{}}],"line":16},"1":{"loc":{"start":{"line":18,"column":1},"end":{"line":20,"column":null}},"type":"if","locations":[{"start":{"line":18,"column":1},"end":{"line":20,"column":null}},{"start":{},"end":{}}],"line":18},"2":{"loc":{"start":{"line":18,"column":5},"end":{"line":18,"column":47}},"type":"binary-expr","locations":[{"start":{"line":18,"column":5},"end":{"line":18,"column":14}},{"start":{"line":18,"column":14},"end":{"line":18,"column":47}}],"line":18},"3":{"loc":{"start":{"line":28,"column":1},"end":{"line":28,"column":null}},"type":"if","locations":[{"start":{"line":28,"column":1},"end":{"line":28,"column":null}},{"start":{},"end":{}}],"line":28},"4":{"loc":{"start":{"line":38,"column":1},"end":{"line":38,"column":null}},"type":"if","locations":[{"start":{"line":38,"column":1},"end":{"line":38,"column":null}},{"start":{},"end":{}}],"line":38},"5":{"loc":{"start":{"line":41,"column":1},"end":{"line":44,"column":null}},"type":"if","locations":[{"start":{"line":41,"column":1},"end":{"line":44,"column":null}},{"start":{},"end":{}}],"line":41},"6":{"loc":{"start":{"line":41,"column":5},"end":{"line":41,"column":57}},"type":"binary-expr","locations":[{"start":{"line":41,"column":5},"end":{"line":41,"column":38}},{"start":{"line":41,"column":38},"end":{"line":41,"column":57}}],"line":41},"7":{"loc":{"start":{"line":43,"column":9},"end":{"line":43,"column":null}},"type":"cond-expr","locations":[{"start":{"line":43,"column":23},"end":{"line":43,"column":38}},{"start":{"line":43,"column":38},"end":{"line":43,"column":null}}],"line":43},"8":{"loc":{"start":{"line":54,"column":1},"end":{"line":54,"column":null}},"type":"if","locations":[{"start":{"line":54,"column":1},"end":{"line":54,"column":null}},{"start":{},"end":{}}],"line":54}},"s":{"0":1,"1":1,"2":1,"3":11,"4":0,"5":11,"6":11,"7":4,"8":7,"9":5,"10":0,"11":5,"12":7,"13":7,"14":2,"15":5,"16":3,"17":3,"18":2,"19":10,"20":0,"21":10,"22":7,"23":7,"24":7,"25":7,"26":3,"27":3,"28":3,"29":3,"30":3,"31":3},"f":{"0":11,"1":5,"2":7,"3":10,"4":7,"5":7,"6":3,"7":3},"b":{"0":[0,11],"1":[4,7],"2":[11,5],"3":[0,5],"4":[2,5],"5":[3,2],"6":[5,5],"7":[2,1],"8":[0,10]},"meta":{"lastBranch":9,"lastFunction":8,"lastStatement":32,"seen":{"s:8:24:8:Infinity":0,"s:9:20:9:Infinity":1,"s:10:29:10:Infinity":2,"f:15:16:15:46":0,"b:16:1:16:Infinity:undefined:undefined:undefined:undefined":0,"s:16:1:16:Infinity":3,"s:16:42:16:Infinity":4,"s:17:15:17:Infinity":5,"b:18:1:20:Infinity:undefined:undefined:undefined:undefined":1,"s:18:1:20:Infinity":6,"b:18:5:18:14:18:14:18:47":2,"s:19:2:19:Infinity":7,"s:21:1:21:Infinity":8,"f:27:16:27:26":1,"b:28:1:28:Infinity:undefined:undefined:undefined:undefined":3,"s:28:1:28:Infinity":9,"s:28:42:28:Infinity":10,"s:29:1:29:Infinity":11,"f:35:16:35:41":2,"s:37:15:37:Infinity":12,"b:38:1:38:Infinity:undefined:undefined:undefined:undefined":4,"s:38:1:38:Infinity":13,"s:38:12:38:Infinity":14,"b:41:1:44:Infinity:undefined:undefined:undefined:undefined":5,"s:41:1:44:Infinity":15,"b:41:5:41:38:41:38:41:57":6,"s:42:22:42:Infinity":16,"s:43:2:43:Infinity":17,"b:43:23:43:38:43:38:43:Infinity":7,"s:47:1:47:Infinity":18,"f:53:16:53:27":3,"b:54:1:54:Infinity:undefined:undefined:undefined:undefined":8,"s:54:1:54:Infinity":19,"s:54:38:54:Infinity":20,"s:55:1:55:Infinity":21,"f:61:9:61:23":4,"s:62:1:62:Infinity":22,"f:68:16:68:29":5,"s:69:22:69:Infinity":23,"s:70:7:70:Infinity":24,"s:71:1:71:Infinity":25,"f:77:16:77:36":6,"s:78:22:78:Infinity":26,"s:79:19:79:Infinity":27,"s:80:1:80:Infinity":28,"s:81:1:81:Infinity":29,"f:87:16:87:34":7,"s:88:15:88:Infinity":30,"s:89:1:89:Infinity":31}}}
}
